[debug] [2022-05-16T14:52:11.860Z] ----------------------------------------------------------------------
[debug] [2022-05-16T14:52:11.865Z] Command:       C:\Program Files\nodejs\node.exe C:\Users\sydne\AppData\Roaming\npm\node_modules\firebase-tools\lib\bin\firebase.js init emulators
[debug] [2022-05-16T14:52:11.866Z] CLI Version:   10.5.0
[debug] [2022-05-16T14:52:11.866Z] Platform:      win32
[debug] [2022-05-16T14:52:11.866Z] Node Version:  v14.16.0
[debug] [2022-05-16T14:52:11.867Z] Time:          Mon May 16 2022 09:52:11 GMT-0500 (Central Daylight Time)
[debug] [2022-05-16T14:52:11.867Z] ----------------------------------------------------------------------
[debug] 
[debug] [2022-05-16T14:52:11.874Z] >>> [apiv2][query] GET https://firebase-public.firebaseio.com/cli.json [none]
[debug] [2022-05-16T14:52:12.101Z] > command requires scopes: ["email","openid","https://www.googleapis.com/auth/cloudplatformprojects.readonly","https://www.googleapis.com/auth/firebase","https://www.googleapis.com/auth/cloud-platform"]
[debug] [2022-05-16T14:52:12.101Z] > authorizing via signed-in user (sydney.rae.smith@gmail.com)
[info] 
     ######## #### ########  ######## ########     ###     ######  ########
     ##        ##  ##     ## ##       ##     ##  ##   ##  ##       ##
     ######    ##  ########  ######   ########  #########  ######  ######
     ##        ##  ##    ##  ##       ##     ## ##     ##       ## ##
     ##       #### ##     ## ######## ########  ##     ##  ######  ########

You're about to initialize a Firebase project in this directory:

  C:\Users\sydne\Downloads\NU-Book

Before we get started, keep in mind:

  * You are initializing within an existing Firebase project directory

[debug] [2022-05-16T14:52:12.246Z] <<< [apiv2][status] GET https://firebase-public.firebaseio.com/cli.json 200
[debug] [2022-05-16T14:52:12.247Z] <<< [apiv2][body] GET https://firebase-public.firebaseio.com/cli.json {"cloudBuildErrorAfter":1594252800000,"cloudBuildWarnAfter":1590019200000,"defaultNode10After":1594252800000,"minVersion":"3.0.5","node8DeploysDisabledAfter":1613390400000,"node8RuntimeDisabledAfter":1615809600000,"node8WarnAfter":1600128000000}
[info] 
=== Project Setup
[info] 
[info] First, let's associate this project directory with a Firebase project.
[info] You can create multiple project aliases by running firebase use --add, 
[info] but for now we'll just set up a default project.
[info] 
[debug] [2022-05-16T14:52:19.321Z] Using project from CLI flag: nu-book-79ca9
[debug] [2022-05-16T14:52:19.324Z] > refreshing access token with scopes: []
[debug] [2022-05-16T14:52:19.326Z] >>> HTTP REQUEST POST https://www.googleapis.com/oauth2/v3/token  
 <request body omitted>
[debug] [2022-05-16T14:52:19.447Z] <<< HTTP RESPONSE 200 {"date":"Mon, 16 May 2022 14:52:18 GMT","pragma":"no-cache","expires":"Mon, 01 Jan 1990 00:00:00 GMT","cache-control":"no-cache, no-store, max-age=0, must-revalidate","content-type":"application/json; charset=utf-8","vary":"X-Origin, Referer, Origin,Accept-Encoding","server":"scaffolding on HTTPServer2","x-xss-protection":"0","x-frame-options":"SAMEORIGIN","x-content-type-options":"nosniff","alt-svc":"h3=\":443\"; ma=2592000,h3-29=\":443\"; ma=2592000,h3-Q050=\":443\"; ma=2592000,h3-Q046=\":443\"; ma=2592000,h3-Q043=\":443\"; ma=2592000,quic=\":443\"; ma=2592000; v=\"46,43\"","accept-ranges":"none","transfer-encoding":"chunked"}
[debug] [2022-05-16T14:52:19.464Z] >>> [apiv2][query] GET https://firebase.googleapis.com/v1beta1/projects/nu-book-79ca9 [none]
[debug] [2022-05-16T14:52:19.660Z] <<< [apiv2][status] GET https://firebase.googleapis.com/v1beta1/projects/nu-book-79ca9 403
[debug] [2022-05-16T14:52:19.661Z] <<< [apiv2][body] GET https://firebase.googleapis.com/v1beta1/projects/nu-book-79ca9 {"error":{"code":403,"message":"The caller does not have permission","status":"PERMISSION_DENIED"}}
[debug] [2022-05-16T14:52:19.663Z] HTTP Error: 403, The caller does not have permission
[debug] [2022-05-16T14:52:19.719Z] FirebaseError: HTTP Error: 403, The caller does not have permission
    at module.exports (C:\Users\sydne\AppData\Roaming\npm\node_modules\firebase-tools\lib\responseToError.js:47:12)
    at RetryOperation._fn (C:\Users\sydne\AppData\Roaming\npm\node_modules\firebase-tools\lib\apiv2.js:286:39)
    at processTicksAndRejections (internal/process/task_queues.js:93:5)
[error] 
[error] Error: Failed to get Firebase project nu-book-79ca9. Please make sure the project exists and your account has permission to access it.
[debug] [2022-05-16T14:58:32.295Z] ----------------------------------------------------------------------
[debug] [2022-05-16T14:58:32.299Z] Command:       C:\Program Files\nodejs\node.exe C:\Users\sydne\AppData\Roaming\npm\node_modules\firebase-tools\lib\bin\firebase.js init emulators
[debug] [2022-05-16T14:58:32.300Z] CLI Version:   10.5.0
[debug] [2022-05-16T14:58:32.300Z] Platform:      win32
[debug] [2022-05-16T14:58:32.300Z] Node Version:  v14.16.0
[debug] [2022-05-16T14:58:32.301Z] Time:          Mon May 16 2022 09:58:32 GMT-0500 (Central Daylight Time)
[debug] [2022-05-16T14:58:32.301Z] ----------------------------------------------------------------------
[debug] 
[debug] [2022-05-16T14:58:32.473Z] > command requires scopes: ["email","openid","https://www.googleapis.com/auth/cloudplatformprojects.readonly","https://www.googleapis.com/auth/firebase","https://www.googleapis.com/auth/cloud-platform"]
[debug] [2022-05-16T14:58:32.473Z] > authorizing via signed-in user (sydney.rae.smith@gmail.com)
[info] 
     ######## #### ########  ######## ########     ###     ######  ########
     ##        ##  ##     ## ##       ##     ##  ##   ##  ##       ##
     ######    ##  ########  ######   ########  #########  ######  ######
     ##        ##  ##    ##  ##       ##     ## ##     ##       ## ##
     ##       #### ##     ## ######## ########  ##     ##  ######  ########

You're about to initialize a Firebase project in this directory:

  C:\Users\sydne\Downloads\NU-Book

Before we get started, keep in mind:

  * You are initializing within an existing Firebase project directory

[info] 
=== Project Setup
[info] 
[info] First, let's associate this project directory with a Firebase project.
[info] You can create multiple project aliases by running firebase use --add, 
[info] but for now we'll just set up a default project.
[info] 
[debug] [2022-05-16T14:58:34.669Z] Using project from CLI flag: nu-book-79ca9
[debug] [2022-05-16T14:58:34.674Z] >>> [apiv2][query] GET https://firebase.googleapis.com/v1beta1/projects/nu-book-79ca9 [none]
[debug] [2022-05-16T14:58:34.858Z] <<< [apiv2][status] GET https://firebase.googleapis.com/v1beta1/projects/nu-book-79ca9 403
[debug] [2022-05-16T14:58:34.858Z] <<< [apiv2][body] GET https://firebase.googleapis.com/v1beta1/projects/nu-book-79ca9 {"error":{"code":403,"message":"The caller does not have permission","status":"PERMISSION_DENIED"}}
[debug] [2022-05-16T14:58:34.860Z] HTTP Error: 403, The caller does not have permission
[debug] [2022-05-16T14:58:34.915Z] FirebaseError: HTTP Error: 403, The caller does not have permission
    at module.exports (C:\Users\sydne\AppData\Roaming\npm\node_modules\firebase-tools\lib\responseToError.js:47:12)
    at RetryOperation._fn (C:\Users\sydne\AppData\Roaming\npm\node_modules\firebase-tools\lib\apiv2.js:286:39)
    at processTicksAndRejections (internal/process/task_queues.js:93:5)
[error] 
[error] Error: Failed to get Firebase project nu-book-79ca9. Please make sure the project exists and your account has permission to access it.
